  [1m[35m (0.3ms)[0m  [1m[34mSELECT pg_try_advisory_lock(363678448864822665)[0m
  ↳ bin/rails:9
  [1m[35m (1.0ms)[0m  [1m[34mSELECT "schema_migrations"."version" FROM "schema_migrations" ORDER BY "schema_migrations"."version" ASC[0m
  ↳ bin/rails:9
  [1m[36mActiveRecord::InternalMetadata Load (0.6ms)[0m  [1m[34mSELECT  "ar_internal_metadata".* FROM "ar_internal_metadata" WHERE "ar_internal_metadata"."key" = $1 LIMIT $2[0m  [["key", "environment"], ["LIMIT", 1]]
  ↳ bin/rails:9
  [1m[35m (0.3ms)[0m  [1m[35mBEGIN[0m
  ↳ bin/rails:9
  [1m[35m (0.2ms)[0m  [1m[35mCOMMIT[0m
  ↳ bin/rails:9
  [1m[35m (0.3ms)[0m  [1m[34mSELECT pg_advisory_unlock(363678448864822665)[0m
  ↳ bin/rails:9
  [1m[35m (0.3ms)[0m  [1m[34mSELECT "schema_migrations"."version" FROM "schema_migrations" ORDER BY "schema_migrations"."version" ASC[0m
  ↳ bin/rails:9
  [1m[35m (2.7ms)[0m  [1m[35mCREATE DATABASE "meetup_development" ENCODING = 'utf8'[0m
  ↳ bin/rails:9
  [1m[35m (0.8ms)[0m  [1m[35mCREATE DATABASE "meetup_test" ENCODING = 'utf8'[0m
  ↳ bin/rails:9
  [1m[35m (1.1ms)[0m  [1m[34mSELECT "schema_migrations"."version" FROM "schema_migrations" ORDER BY "schema_migrations"."version" ASC[0m
  ↳ bin/rails:9
  [1m[35m (0.5ms)[0m  [1m[34mSELECT "ar_internal_metadata"."value" FROM "ar_internal_metadata" WHERE "ar_internal_metadata"."key" = $1[0m  [["key", "environment"]]
  ↳ bin/rails:9
  [1m[35m (0.4ms)[0m  [1m[34mSELECT "schema_migrations"."version" FROM "schema_migrations" ORDER BY "schema_migrations"."version" ASC[0m
  ↳ bin/rails:9
  [1m[35m (0.3ms)[0m  [1m[34mSELECT "ar_internal_metadata"."value" FROM "ar_internal_metadata" WHERE "ar_internal_metadata"."key" = $1[0m  [["key", "environment"]]
  ↳ bin/rails:9
  [1m[35m (0.3ms)[0m  [1m[34mSELECT "schema_migrations"."version" FROM "schema_migrations" ORDER BY "schema_migrations"."version" ASC[0m
  ↳ bin/rails:9
  [1m[35m (0.3ms)[0m  [1m[34mSELECT "ar_internal_metadata"."value" FROM "ar_internal_metadata" WHERE "ar_internal_metadata"."key" = $1[0m  [["key", "environment"]]
  ↳ bin/rails:9
  [1m[35mSQL (0.5ms)[0m  [1m[35mCREATE EXTENSION IF NOT EXISTS "plpgsql"[0m
  ↳ db/schema.rb:16
  [1m[35m (6.8ms)[0m  [1m[35mDROP TABLE IF EXISTS "event_interests" CASCADE[0m
  ↳ db/schema.rb:18
  [1m[35m (8.1ms)[0m  [1m[35mCREATE TABLE "event_interests" ("id" bigserial primary key, "interest_id" bigint, "event_id" bigint, "created_at" timestamp NOT NULL, "updated_at" timestamp NOT NULL)[0m
  ↳ db/schema.rb:18
  [1m[35m (3.1ms)[0m  [1m[35mCREATE  INDEX  "index_event_interests_on_event_id" ON "event_interests"  ("event_id")[0m
  ↳ db/schema.rb:18
  [1m[35m (2.6ms)[0m  [1m[35mCREATE  INDEX  "index_event_interests_on_interest_id" ON "event_interests"  ("interest_id")[0m
  ↳ db/schema.rb:18
  [1m[35m (5.0ms)[0m  [1m[35mDROP TABLE IF EXISTS "events" CASCADE[0m
  ↳ db/schema.rb:27
  [1m[35m (11.7ms)[0m  [1m[35mCREATE TABLE "events" ("id" bigserial primary key, "date" timestamp, "title" character varying, "description" character varying, "location" character varying, "type" character varying, "created_at" timestamp NOT NULL, "updated_at" timestamp NOT NULL)[0m
  ↳ db/schema.rb:27
  [1m[35m (5.8ms)[0m  [1m[35mDROP TABLE IF EXISTS "interests" CASCADE[0m
  ↳ db/schema.rb:37
  [1m[35m (9.2ms)[0m  [1m[35mCREATE TABLE "interests" ("id" bigserial primary key, "name" character varying, "created_at" timestamp NOT NULL, "updated_at" timestamp NOT NULL)[0m
  ↳ db/schema.rb:37
  [1m[35m (15.9ms)[0m  [1m[35mDROP TABLE IF EXISTS "user_arrangements" CASCADE[0m
  ↳ db/schema.rb:43
  [1m[35m (7.6ms)[0m  [1m[35mCREATE TABLE "user_arrangements" ("id" bigserial primary key, "user_id" bigint, "event_id" bigint, "created_at" timestamp NOT NULL, "updated_at" timestamp NOT NULL)[0m
  ↳ db/schema.rb:43
  [1m[35m (4.2ms)[0m  [1m[35mCREATE  INDEX  "index_user_arrangements_on_event_id" ON "user_arrangements"  ("event_id")[0m
  ↳ db/schema.rb:43
  [1m[35m (4.0ms)[0m  [1m[35mCREATE  INDEX  "index_user_arrangements_on_user_id" ON "user_arrangements"  ("user_id")[0m
  ↳ db/schema.rb:43
  [1m[35m (5.7ms)[0m  [1m[35mDROP TABLE IF EXISTS "user_events" CASCADE[0m
  ↳ db/schema.rb:52
  [1m[35m (8.3ms)[0m  [1m[35mCREATE TABLE "user_events" ("id" bigserial primary key, "user_id" bigint, "event_id" bigint, "created_at" timestamp NOT NULL, "updated_at" timestamp NOT NULL)[0m
  ↳ db/schema.rb:52
  [1m[35m (6.7ms)[0m  [1m[35mCREATE  INDEX  "index_user_events_on_event_id" ON "user_events"  ("event_id")[0m
  ↳ db/schema.rb:52
  [1m[35m (5.5ms)[0m  [1m[35mCREATE  INDEX  "index_user_events_on_user_id" ON "user_events"  ("user_id")[0m
  ↳ db/schema.rb:52
  [1m[35m (5.9ms)[0m  [1m[35mDROP TABLE IF EXISTS "user_interests" CASCADE[0m
  ↳ db/schema.rb:61
  [1m[35m (8.1ms)[0m  [1m[35mCREATE TABLE "user_interests" ("id" bigserial primary key, "interest_id" bigint, "user_id" bigint, "created_at" timestamp NOT NULL, "updated_at" timestamp NOT NULL)[0m
  ↳ db/schema.rb:61
  [1m[35m (3.5ms)[0m  [1m[35mCREATE  INDEX  "index_user_interests_on_interest_id" ON "user_interests"  ("interest_id")[0m
  ↳ db/schema.rb:61
  [1m[35m (2.9ms)[0m  [1m[35mCREATE  INDEX  "index_user_interests_on_user_id" ON "user_interests"  ("user_id")[0m
  ↳ db/schema.rb:61
  [1m[35m (5.2ms)[0m  [1m[35mDROP TABLE IF EXISTS "users" CASCADE[0m
  ↳ db/schema.rb:70
  [1m[35m (11.3ms)[0m  [1m[35mCREATE TABLE "users" ("id" bigserial primary key, "username" character varying, "email" character varying, "password_digest" character varying, "name" character varying, "school" character varying, "created_at" timestamp NOT NULL, "updated_at" timestamp NOT NULL)[0m
  ↳ db/schema.rb:70
  [1m[35m (5.9ms)[0m  [1m[35mALTER TABLE "event_interests" ADD CONSTRAINT "fk_rails_e7c3d2d575"
FOREIGN KEY ("event_id")
  REFERENCES "events" ("id")
[0m
  ↳ db/schema.rb:80
  [1m[35m (4.2ms)[0m  [1m[35mALTER TABLE "event_interests" ADD CONSTRAINT "fk_rails_113bc34b0a"
FOREIGN KEY ("interest_id")
  REFERENCES "interests" ("id")
[0m
  ↳ db/schema.rb:81
  [1m[35m (3.1ms)[0m  [1m[35mALTER TABLE "user_arrangements" ADD CONSTRAINT "fk_rails_521682aacd"
FOREIGN KEY ("event_id")
  REFERENCES "events" ("id")
[0m
  ↳ db/schema.rb:82
  [1m[35m (3.4ms)[0m  [1m[35mALTER TABLE "user_arrangements" ADD CONSTRAINT "fk_rails_1e3c37515a"
FOREIGN KEY ("user_id")
  REFERENCES "users" ("id")
[0m
  ↳ db/schema.rb:83
  [1m[35m (4.4ms)[0m  [1m[35mALTER TABLE "user_events" ADD CONSTRAINT "fk_rails_1b0b06bbc7"
FOREIGN KEY ("event_id")
  REFERENCES "events" ("id")
[0m
  ↳ db/schema.rb:84
  [1m[35m (4.3ms)[0m  [1m[35mALTER TABLE "user_events" ADD CONSTRAINT "fk_rails_717ccf5f73"
FOREIGN KEY ("user_id")
  REFERENCES "users" ("id")
[0m
  ↳ db/schema.rb:85
  [1m[35m (4.4ms)[0m  [1m[35mALTER TABLE "user_interests" ADD CONSTRAINT "fk_rails_5630a14e4d"
FOREIGN KEY ("interest_id")
  REFERENCES "interests" ("id")
[0m
  ↳ db/schema.rb:86
  [1m[35m (3.3ms)[0m  [1m[35mALTER TABLE "user_interests" ADD CONSTRAINT "fk_rails_ec759c020c"
FOREIGN KEY ("user_id")
  REFERENCES "users" ("id")
[0m
  ↳ db/schema.rb:87
  [1m[35m (2.0ms)[0m  [1m[34mSELECT "schema_migrations"."version" FROM "schema_migrations" ORDER BY "schema_migrations"."version" ASC[0m
  ↳ db/schema.rb:13
  [1m[36mActiveRecord::InternalMetadata Load (1.2ms)[0m  [1m[34mSELECT  "ar_internal_metadata".* FROM "ar_internal_metadata" WHERE "ar_internal_metadata"."key" = $1 LIMIT $2[0m  [["key", "environment"], ["LIMIT", 1]]
  ↳ db/schema.rb:13
  [1m[35m (0.3ms)[0m  [1m[35mBEGIN[0m
  ↳ db/schema.rb:13
  [1m[35m (0.2ms)[0m  [1m[35mCOMMIT[0m
  ↳ db/schema.rb:13
  [1m[36mActiveRecord::InternalMetadata Load (0.6ms)[0m  [1m[34mSELECT  "ar_internal_metadata".* FROM "ar_internal_metadata" WHERE "ar_internal_metadata"."key" = $1 LIMIT $2[0m  [["key", "environment"], ["LIMIT", 1]]
  ↳ bin/rails:9
  [1m[35m (0.4ms)[0m  [1m[35mBEGIN[0m
  ↳ bin/rails:9
  [1m[35m (0.3ms)[0m  [1m[35mCOMMIT[0m
  ↳ bin/rails:9
  [1m[35mSQL (0.5ms)[0m  [1m[35mCREATE EXTENSION IF NOT EXISTS "plpgsql"[0m
  ↳ db/schema.rb:16
  [1m[35m (9.6ms)[0m  [1m[35mDROP TABLE IF EXISTS "event_interests" CASCADE[0m
  ↳ db/schema.rb:18
  [1m[35m (11.9ms)[0m  [1m[35mCREATE TABLE "event_interests" ("id" bigserial primary key, "interest_id" bigint, "event_id" bigint, "created_at" timestamp NOT NULL, "updated_at" timestamp NOT NULL)[0m
  ↳ db/schema.rb:18
  [1m[35m (3.0ms)[0m  [1m[35mCREATE  INDEX  "index_event_interests_on_event_id" ON "event_interests"  ("event_id")[0m
  ↳ db/schema.rb:18
  [1m[35m (5.0ms)[0m  [1m[35mCREATE  INDEX  "index_event_interests_on_interest_id" ON "event_interests"  ("interest_id")[0m
  ↳ db/schema.rb:18
  [1m[35m (5.3ms)[0m  [1m[35mDROP TABLE IF EXISTS "events" CASCADE[0m
  ↳ db/schema.rb:27
  [1m[35m (11.4ms)[0m  [1m[35mCREATE TABLE "events" ("id" bigserial primary key, "date" timestamp, "title" character varying, "description" character varying, "location" character varying, "type" character varying, "created_at" timestamp NOT NULL, "updated_at" timestamp NOT NULL)[0m
  ↳ db/schema.rb:27
  [1m[35m (5.1ms)[0m  [1m[35mDROP TABLE IF EXISTS "interests" CASCADE[0m
  ↳ db/schema.rb:37
  [1m[35m (9.2ms)[0m  [1m[35mCREATE TABLE "interests" ("id" bigserial primary key, "name" character varying, "created_at" timestamp NOT NULL, "updated_at" timestamp NOT NULL)[0m
  ↳ db/schema.rb:37
  [1m[35m (5.2ms)[0m  [1m[35mDROP TABLE IF EXISTS "user_arrangements" CASCADE[0m
  ↳ db/schema.rb:43
  [1m[35m (6.9ms)[0m  [1m[35mCREATE TABLE "user_arrangements" ("id" bigserial primary key, "user_id" bigint, "event_id" bigint, "created_at" timestamp NOT NULL, "updated_at" timestamp NOT NULL)[0m
  ↳ db/schema.rb:43
  [1m[35m (3.4ms)[0m  [1m[35mCREATE  INDEX  "index_user_arrangements_on_event_id" ON "user_arrangements"  ("event_id")[0m
  ↳ db/schema.rb:43
  [1m[35m (3.0ms)[0m  [1m[35mCREATE  INDEX  "index_user_arrangements_on_user_id" ON "user_arrangements"  ("user_id")[0m
  ↳ db/schema.rb:43
  [1m[35m (5.7ms)[0m  [1m[35mDROP TABLE IF EXISTS "user_events" CASCADE[0m
  ↳ db/schema.rb:52
  [1m[35m (8.4ms)[0m  [1m[35mCREATE TABLE "user_events" ("id" bigserial primary key, "user_id" bigint, "event_id" bigint, "created_at" timestamp NOT NULL, "updated_at" timestamp NOT NULL)[0m
  ↳ db/schema.rb:52
  [1m[35m (3.4ms)[0m  [1m[35mCREATE  INDEX  "index_user_events_on_event_id" ON "user_events"  ("event_id")[0m
  ↳ db/schema.rb:52
  [1m[35m (4.6ms)[0m  [1m[35mCREATE  INDEX  "index_user_events_on_user_id" ON "user_events"  ("user_id")[0m
  ↳ db/schema.rb:52
  [1m[35m (5.5ms)[0m  [1m[35mDROP TABLE IF EXISTS "user_interests" CASCADE[0m
  ↳ db/schema.rb:61
  [1m[35m (5.3ms)[0m  [1m[35mCREATE TABLE "user_interests" ("id" bigserial primary key, "interest_id" bigint, "user_id" bigint, "created_at" timestamp NOT NULL, "updated_at" timestamp NOT NULL)[0m
  ↳ db/schema.rb:61
  [1m[35m (4.4ms)[0m  [1m[35mCREATE  INDEX  "index_user_interests_on_interest_id" ON "user_interests"  ("interest_id")[0m
  ↳ db/schema.rb:61
  [1m[35m (4.3ms)[0m  [1m[35mCREATE  INDEX  "index_user_interests_on_user_id" ON "user_interests"  ("user_id")[0m
  ↳ db/schema.rb:61
  [1m[35m (3.6ms)[0m  [1m[35mDROP TABLE IF EXISTS "users" CASCADE[0m
  ↳ db/schema.rb:70
  [1m[35m (10.4ms)[0m  [1m[35mCREATE TABLE "users" ("id" bigserial primary key, "username" character varying, "email" character varying, "password_digest" character varying, "name" character varying, "school" character varying, "created_at" timestamp NOT NULL, "updated_at" timestamp NOT NULL)[0m
  ↳ db/schema.rb:70
  [1m[35m (5.1ms)[0m  [1m[35mALTER TABLE "event_interests" ADD CONSTRAINT "fk_rails_e7c3d2d575"
FOREIGN KEY ("event_id")
  REFERENCES "events" ("id")
[0m
  ↳ db/schema.rb:80
  [1m[35m (2.9ms)[0m  [1m[35mALTER TABLE "event_interests" ADD CONSTRAINT "fk_rails_113bc34b0a"
FOREIGN KEY ("interest_id")
  REFERENCES "interests" ("id")
[0m
  ↳ db/schema.rb:81
  [1m[35m (4.5ms)[0m  [1m[35mALTER TABLE "user_arrangements" ADD CONSTRAINT "fk_rails_521682aacd"
FOREIGN KEY ("event_id")
  REFERENCES "events" ("id")
[0m
  ↳ db/schema.rb:82
  [1m[35m (4.1ms)[0m  [1m[35mALTER TABLE "user_arrangements" ADD CONSTRAINT "fk_rails_1e3c37515a"
FOREIGN KEY ("user_id")
  REFERENCES "users" ("id")
[0m
  ↳ db/schema.rb:83
  [1m[35m (7.8ms)[0m  [1m[35mALTER TABLE "user_events" ADD CONSTRAINT "fk_rails_1b0b06bbc7"
FOREIGN KEY ("event_id")
  REFERENCES "events" ("id")
[0m
  ↳ db/schema.rb:84
  [1m[35m (3.5ms)[0m  [1m[35mALTER TABLE "user_events" ADD CONSTRAINT "fk_rails_717ccf5f73"
FOREIGN KEY ("user_id")
  REFERENCES "users" ("id")
[0m
  ↳ db/schema.rb:85
  [1m[35m (3.4ms)[0m  [1m[35mALTER TABLE "user_interests" ADD CONSTRAINT "fk_rails_5630a14e4d"
FOREIGN KEY ("interest_id")
  REFERENCES "interests" ("id")
[0m
  ↳ db/schema.rb:86
  [1m[35m (3.4ms)[0m  [1m[35mALTER TABLE "user_interests" ADD CONSTRAINT "fk_rails_ec759c020c"
FOREIGN KEY ("user_id")
  REFERENCES "users" ("id")
[0m
  ↳ db/schema.rb:87
  [1m[35m (2.9ms)[0m  [1m[34mSELECT "schema_migrations"."version" FROM "schema_migrations" ORDER BY "schema_migrations"."version" ASC[0m
  ↳ db/schema.rb:13
  [1m[36mActiveRecord::InternalMetadata Load (0.8ms)[0m  [1m[34mSELECT  "ar_internal_metadata".* FROM "ar_internal_metadata" WHERE "ar_internal_metadata"."key" = $1 LIMIT $2[0m  [["key", "environment"], ["LIMIT", 1]]
  ↳ db/schema.rb:13
  [1m[35m (0.5ms)[0m  [1m[35mBEGIN[0m
  ↳ db/schema.rb:13
  [1m[36mActiveRecord::InternalMetadata Update (1.8ms)[0m  [1m[33mUPDATE "ar_internal_metadata" SET "value" = $1, "updated_at" = $2 WHERE "ar_internal_metadata"."key" = $3[0m  [["value", "development"], ["updated_at", "2019-02-13 18:08:59.369141"], ["key", "environment"]]
  ↳ db/schema.rb:13
  [1m[35m (1.1ms)[0m  [1m[35mCOMMIT[0m
  ↳ db/schema.rb:13
  [1m[36mActiveRecord::InternalMetadata Load (0.7ms)[0m  [1m[34mSELECT  "ar_internal_metadata".* FROM "ar_internal_metadata" WHERE "ar_internal_metadata"."key" = $1 LIMIT $2[0m  [["key", "environment"], ["LIMIT", 1]]
  ↳ bin/rails:9
  [1m[35m (0.2ms)[0m  [1m[35mBEGIN[0m
  ↳ bin/rails:9
  [1m[36mActiveRecord::InternalMetadata Update (2.5ms)[0m  [1m[33mUPDATE "ar_internal_metadata" SET "value" = $1, "updated_at" = $2 WHERE "ar_internal_metadata"."key" = $3[0m  [["value", "test"], ["updated_at", "2019-02-13 18:08:59.383251"], ["key", "environment"]]
  ↳ bin/rails:9
  [1m[35m (1.9ms)[0m  [1m[35mCOMMIT[0m
  ↳ bin/rails:9
  [1m[35m (1.1ms)[0m  [1m[34mSELECT "schema_migrations"."version" FROM "schema_migrations" ORDER BY "schema_migrations"."version" ASC[0m
  ↳ bin/rails:9
  [1m[35m (0.3ms)[0m  [1m[34mSELECT pg_try_advisory_lock(363678448864822665)[0m
  ↳ bin/rails:9
  [1m[35m (1.0ms)[0m  [1m[34mSELECT "schema_migrations"."version" FROM "schema_migrations" ORDER BY "schema_migrations"."version" ASC[0m
  ↳ bin/rails:9
  [1m[36mActiveRecord::InternalMetadata Load (0.5ms)[0m  [1m[34mSELECT  "ar_internal_metadata".* FROM "ar_internal_metadata" WHERE "ar_internal_metadata"."key" = $1 LIMIT $2[0m  [["key", "environment"], ["LIMIT", 1]]
  ↳ bin/rails:9
  [1m[35m (0.3ms)[0m  [1m[35mBEGIN[0m
  ↳ bin/rails:9
  [1m[35m (0.2ms)[0m  [1m[35mCOMMIT[0m
  ↳ bin/rails:9
  [1m[35m (0.3ms)[0m  [1m[34mSELECT pg_advisory_unlock(363678448864822665)[0m
  ↳ bin/rails:9
  [1m[35m (0.3ms)[0m  [1m[34mSELECT "schema_migrations"."version" FROM "schema_migrations" ORDER BY "schema_migrations"."version" ASC[0m
  ↳ bin/rails:9
  [1m[35m (2.0ms)[0m  [1m[35mCREATE DATABASE "meetup_development" ENCODING = 'utf8'[0m
  ↳ bin/rails:9
  [1m[35m (1.4ms)[0m  [1m[35mCREATE DATABASE "meetup_test" ENCODING = 'utf8'[0m
  ↳ bin/rails:9
  [1m[35m (1.0ms)[0m  [1m[34mSELECT "schema_migrations"."version" FROM "schema_migrations" ORDER BY "schema_migrations"."version" ASC[0m
  ↳ bin/rails:9
  [1m[35m (0.5ms)[0m  [1m[34mSELECT "ar_internal_metadata"."value" FROM "ar_internal_metadata" WHERE "ar_internal_metadata"."key" = $1[0m  [["key", "environment"]]
  ↳ bin/rails:9
  [1m[35m (0.3ms)[0m  [1m[34mSELECT "schema_migrations"."version" FROM "schema_migrations" ORDER BY "schema_migrations"."version" ASC[0m
  ↳ bin/rails:9
  [1m[35m (0.3ms)[0m  [1m[34mSELECT "ar_internal_metadata"."value" FROM "ar_internal_metadata" WHERE "ar_internal_metadata"."key" = $1[0m  [["key", "environment"]]
  ↳ bin/rails:9
  [1m[35m (0.4ms)[0m  [1m[34mSELECT "schema_migrations"."version" FROM "schema_migrations" ORDER BY "schema_migrations"."version" ASC[0m
  ↳ bin/rails:9
  [1m[35m (0.3ms)[0m  [1m[34mSELECT "ar_internal_metadata"."value" FROM "ar_internal_metadata" WHERE "ar_internal_metadata"."key" = $1[0m  [["key", "environment"]]
  ↳ bin/rails:9
  [1m[35mSQL (0.5ms)[0m  [1m[35mCREATE EXTENSION IF NOT EXISTS "plpgsql"[0m
  ↳ db/schema.rb:16
  [1m[35m (6.6ms)[0m  [1m[35mDROP TABLE IF EXISTS "event_interests" CASCADE[0m
  ↳ db/schema.rb:18
  [1m[35m (8.7ms)[0m  [1m[35mCREATE TABLE "event_interests" ("id" bigserial primary key, "interest_id" bigint, "event_id" bigint, "created_at" timestamp NOT NULL, "updated_at" timestamp NOT NULL)[0m
  ↳ db/schema.rb:18
  [1m[35m (2.5ms)[0m  [1m[35mCREATE  INDEX  "index_event_interests_on_event_id" ON "event_interests"  ("event_id")[0m
  ↳ db/schema.rb:18
  [1m[35m (2.6ms)[0m  [1m[35mCREATE  INDEX  "index_event_interests_on_interest_id" ON "event_interests"  ("interest_id")[0m
  ↳ db/schema.rb:18
  [1m[35m (4.4ms)[0m  [1m[35mDROP TABLE IF EXISTS "events" CASCADE[0m
  ↳ db/schema.rb:27
  [1m[35m (8.7ms)[0m  [1m[35mCREATE TABLE "events" ("id" bigserial primary key, "date" timestamp, "title" character varying, "description" character varying, "location" character varying, "type" character varying, "created_at" timestamp NOT NULL, "updated_at" timestamp NOT NULL)[0m
  ↳ db/schema.rb:27
  [1m[35m (6.4ms)[0m  [1m[35mDROP TABLE IF EXISTS "interests" CASCADE[0m
  ↳ db/schema.rb:37
  [1m[35m (10.7ms)[0m  [1m[35mCREATE TABLE "interests" ("id" bigserial primary key, "name" character varying, "created_at" timestamp NOT NULL, "updated_at" timestamp NOT NULL)[0m
  ↳ db/schema.rb:37
  [1m[35m (16.9ms)[0m  [1m[35mDROP TABLE IF EXISTS "user_arrangements" CASCADE[0m
  ↳ db/schema.rb:43
  [1m[35m (7.1ms)[0m  [1m[35mCREATE TABLE "user_arrangements" ("id" bigserial primary key, "user_id" bigint, "event_id" bigint, "created_at" timestamp NOT NULL, "updated_at" timestamp NOT NULL)[0m
  ↳ db/schema.rb:43
  [1m[35m (3.7ms)[0m  [1m[35mCREATE  INDEX  "index_user_arrangements_on_event_id" ON "user_arrangements"  ("event_id")[0m
  ↳ db/schema.rb:43
  [1m[35m (3.0ms)[0m  [1m[35mCREATE  INDEX  "index_user_arrangements_on_user_id" ON "user_arrangements"  ("user_id")[0m
  ↳ db/schema.rb:43
  [1m[35m (6.2ms)[0m  [1m[35mDROP TABLE IF EXISTS "user_events" CASCADE[0m
  ↳ db/schema.rb:52
  [1m[35m (6.4ms)[0m  [1m[35mCREATE TABLE "user_events" ("id" bigserial primary key, "user_id" bigint, "event_id" bigint, "created_at" timestamp NOT NULL, "updated_at" timestamp NOT NULL)[0m
  ↳ db/schema.rb:52
  [1m[35m (3.7ms)[0m  [1m[35mCREATE  INDEX  "index_user_events_on_event_id" ON "user_events"  ("event_id")[0m
  ↳ db/schema.rb:52
  [1m[35m (2.8ms)[0m  [1m[35mCREATE  INDEX  "index_user_events_on_user_id" ON "user_events"  ("user_id")[0m
  ↳ db/schema.rb:52
  [1m[35m (6.6ms)[0m  [1m[35mDROP TABLE IF EXISTS "user_interests" CASCADE[0m
  ↳ db/schema.rb:61
  [1m[35m (7.1ms)[0m  [1m[35mCREATE TABLE "user_interests" ("id" bigserial primary key, "interest_id" bigint, "user_id" bigint, "created_at" timestamp NOT NULL, "updated_at" timestamp NOT NULL)[0m
  ↳ db/schema.rb:61
  [1m[35m (3.3ms)[0m  [1m[35mCREATE  INDEX  "index_user_interests_on_interest_id" ON "user_interests"  ("interest_id")[0m
  ↳ db/schema.rb:61
  [1m[35m (6.0ms)[0m  [1m[35mCREATE  INDEX  "index_user_interests_on_user_id" ON "user_interests"  ("user_id")[0m
  ↳ db/schema.rb:61
  [1m[35m (5.8ms)[0m  [1m[35mDROP TABLE IF EXISTS "users" CASCADE[0m
  ↳ db/schema.rb:70
  [1m[35m (11.5ms)[0m  [1m[35mCREATE TABLE "users" ("id" bigserial primary key, "username" character varying, "email" character varying, "password_digest" character varying, "name" character varying, "school" character varying, "created_at" timestamp NOT NULL, "updated_at" timestamp NOT NULL)[0m
  ↳ db/schema.rb:70
  [1m[35m (7.0ms)[0m  [1m[35mALTER TABLE "event_interests" ADD CONSTRAINT "fk_rails_e7c3d2d575"
FOREIGN KEY ("event_id")
  REFERENCES "events" ("id")
[0m
  ↳ db/schema.rb:80
  [1m[35m (4.2ms)[0m  [1m[35mALTER TABLE "event_interests" ADD CONSTRAINT "fk_rails_113bc34b0a"
FOREIGN KEY ("interest_id")
  REFERENCES "interests" ("id")
[0m
  ↳ db/schema.rb:81
  [1m[35m (5.0ms)[0m  [1m[35mALTER TABLE "user_arrangements" ADD CONSTRAINT "fk_rails_521682aacd"
FOREIGN KEY ("event_id")
  REFERENCES "events" ("id")
[0m
  ↳ db/schema.rb:82
  [1m[35m (4.3ms)[0m  [1m[35mALTER TABLE "user_arrangements" ADD CONSTRAINT "fk_rails_1e3c37515a"
FOREIGN KEY ("user_id")
  REFERENCES "users" ("id")
[0m
  ↳ db/schema.rb:83
  [1m[35m (4.2ms)[0m  [1m[35mALTER TABLE "user_events" ADD CONSTRAINT "fk_rails_1b0b06bbc7"
FOREIGN KEY ("event_id")
  REFERENCES "events" ("id")
[0m
  ↳ db/schema.rb:84
  [1m[35m (5.4ms)[0m  [1m[35mALTER TABLE "user_events" ADD CONSTRAINT "fk_rails_717ccf5f73"
FOREIGN KEY ("user_id")
  REFERENCES "users" ("id")
[0m
  ↳ db/schema.rb:85
  [1m[35m (4.7ms)[0m  [1m[35mALTER TABLE "user_interests" ADD CONSTRAINT "fk_rails_5630a14e4d"
FOREIGN KEY ("interest_id")
  REFERENCES "interests" ("id")
[0m
  ↳ db/schema.rb:86
  [1m[35m (4.9ms)[0m  [1m[35mALTER TABLE "user_interests" ADD CONSTRAINT "fk_rails_ec759c020c"
FOREIGN KEY ("user_id")
  REFERENCES "users" ("id")
[0m
  ↳ db/schema.rb:87
  [1m[35m (2.0ms)[0m  [1m[34mSELECT "schema_migrations"."version" FROM "schema_migrations" ORDER BY "schema_migrations"."version" ASC[0m
  ↳ db/schema.rb:13
  [1m[36mActiveRecord::InternalMetadata Load (0.9ms)[0m  [1m[34mSELECT  "ar_internal_metadata".* FROM "ar_internal_metadata" WHERE "ar_internal_metadata"."key" = $1 LIMIT $2[0m  [["key", "environment"], ["LIMIT", 1]]
  ↳ db/schema.rb:13
  [1m[35m (0.3ms)[0m  [1m[35mBEGIN[0m
  ↳ db/schema.rb:13
  [1m[35m (0.3ms)[0m  [1m[35mCOMMIT[0m
  ↳ db/schema.rb:13
  [1m[36mActiveRecord::InternalMetadata Load (0.4ms)[0m  [1m[34mSELECT  "ar_internal_metadata".* FROM "ar_internal_metadata" WHERE "ar_internal_metadata"."key" = $1 LIMIT $2[0m  [["key", "environment"], ["LIMIT", 1]]
  ↳ bin/rails:9
  [1m[35m (0.2ms)[0m  [1m[35mBEGIN[0m
  ↳ bin/rails:9
  [1m[35m (0.2ms)[0m  [1m[35mCOMMIT[0m
  ↳ bin/rails:9
  [1m[35mSQL (0.4ms)[0m  [1m[35mCREATE EXTENSION IF NOT EXISTS "plpgsql"[0m
  ↳ db/schema.rb:16
  [1m[35m (10.6ms)[0m  [1m[35mDROP TABLE IF EXISTS "event_interests" CASCADE[0m
  ↳ db/schema.rb:18
  [1m[35m (6.9ms)[0m  [1m[35mCREATE TABLE "event_interests" ("id" bigserial primary key, "interest_id" bigint, "event_id" bigint, "created_at" timestamp NOT NULL, "updated_at" timestamp NOT NULL)[0m
  ↳ db/schema.rb:18
  [1m[35m (2.8ms)[0m  [1m[35mCREATE  INDEX  "index_event_interests_on_event_id" ON "event_interests"  ("event_id")[0m
  ↳ db/schema.rb:18
  [1m[35m (4.4ms)[0m  [1m[35mCREATE  INDEX  "index_event_interests_on_interest_id" ON "event_interests"  ("interest_id")[0m
  ↳ db/schema.rb:18
  [1m[35m (7.6ms)[0m  [1m[35mDROP TABLE IF EXISTS "events" CASCADE[0m
  ↳ db/schema.rb:27
  [1m[35m (11.1ms)[0m  [1m[35mCREATE TABLE "events" ("id" bigserial primary key, "date" timestamp, "title" character varying, "description" character varying, "location" character varying, "type" character varying, "created_at" timestamp NOT NULL, "updated_at" timestamp NOT NULL)[0m
  ↳ db/schema.rb:27
  [1m[35m (6.8ms)[0m  [1m[35mDROP TABLE IF EXISTS "interests" CASCADE[0m
  ↳ db/schema.rb:37
  [1m[35m (13.0ms)[0m  [1m[35mCREATE TABLE "interests" ("id" bigserial primary key, "name" character varying, "created_at" timestamp NOT NULL, "updated_at" timestamp NOT NULL)[0m
  ↳ db/schema.rb:37
  [1m[35m (5.4ms)[0m  [1m[35mDROP TABLE IF EXISTS "user_arrangements" CASCADE[0m
  ↳ db/schema.rb:43
  [1m[35m (10.3ms)[0m  [1m[35mCREATE TABLE "user_arrangements" ("id" bigserial primary key, "user_id" bigint, "event_id" bigint, "created_at" timestamp NOT NULL, "updated_at" timestamp NOT NULL)[0m
  ↳ db/schema.rb:43
  [1m[35m (4.6ms)[0m  [1m[35mCREATE  INDEX  "index_user_arrangements_on_event_id" ON "user_arrangements"  ("event_id")[0m
  ↳ db/schema.rb:43
  [1m[35m (2.2ms)[0m  [1m[35mCREATE  INDEX  "index_user_arrangements_on_user_id" ON "user_arrangements"  ("user_id")[0m
  ↳ db/schema.rb:43
  [1m[35m (4.4ms)[0m  [1m[35mDROP TABLE IF EXISTS "user_events" CASCADE[0m
  ↳ db/schema.rb:52
  [1m[35m (8.3ms)[0m  [1m[35mCREATE TABLE "user_events" ("id" bigserial primary key, "user_id" bigint, "event_id" bigint, "created_at" timestamp NOT NULL, "updated_at" timestamp NOT NULL)[0m
  ↳ db/schema.rb:52
  [1m[35m (3.1ms)[0m  [1m[35mCREATE  INDEX  "index_user_events_on_event_id" ON "user_events"  ("event_id")[0m
  ↳ db/schema.rb:52
  [1m[35m (3.8ms)[0m  [1m[35mCREATE  INDEX  "index_user_events_on_user_id" ON "user_events"  ("user_id")[0m
  ↳ db/schema.rb:52
  [1m[35m (4.9ms)[0m  [1m[35mDROP TABLE IF EXISTS "user_interests" CASCADE[0m
  ↳ db/schema.rb:61
  [1m[35m (6.6ms)[0m  [1m[35mCREATE TABLE "user_interests" ("id" bigserial primary key, "interest_id" bigint, "user_id" bigint, "created_at" timestamp NOT NULL, "updated_at" timestamp NOT NULL)[0m
  ↳ db/schema.rb:61
  [1m[35m (3.1ms)[0m  [1m[35mCREATE  INDEX  "index_user_interests_on_interest_id" ON "user_interests"  ("interest_id")[0m
  ↳ db/schema.rb:61
  [1m[35m (4.3ms)[0m  [1m[35mCREATE  INDEX  "index_user_interests_on_user_id" ON "user_interests"  ("user_id")[0m
  ↳ db/schema.rb:61
  [1m[35m (5.9ms)[0m  [1m[35mDROP TABLE IF EXISTS "users" CASCADE[0m
  ↳ db/schema.rb:70
  [1m[35m (8.7ms)[0m  [1m[35mCREATE TABLE "users" ("id" bigserial primary key, "username" character varying, "email" character varying, "password_digest" character varying, "name" character varying, "school" character varying, "created_at" timestamp NOT NULL, "updated_at" timestamp NOT NULL)[0m
  ↳ db/schema.rb:70
  [1m[35m (5.5ms)[0m  [1m[35mALTER TABLE "event_interests" ADD CONSTRAINT "fk_rails_e7c3d2d575"
FOREIGN KEY ("event_id")
  REFERENCES "events" ("id")
[0m
  ↳ db/schema.rb:80
  [1m[35m (3.9ms)[0m  [1m[35mALTER TABLE "event_interests" ADD CONSTRAINT "fk_rails_113bc34b0a"
FOREIGN KEY ("interest_id")
  REFERENCES "interests" ("id")
[0m
  ↳ db/schema.rb:81
  [1m[35m (4.7ms)[0m  [1m[35mALTER TABLE "user_arrangements" ADD CONSTRAINT "fk_rails_521682aacd"
FOREIGN KEY ("event_id")
  REFERENCES "events" ("id")
[0m
  ↳ db/schema.rb:82
  [1m[35m (4.3ms)[0m  [1m[35mALTER TABLE "user_arrangements" ADD CONSTRAINT "fk_rails_1e3c37515a"
FOREIGN KEY ("user_id")
  REFERENCES "users" ("id")
[0m
  ↳ db/schema.rb:83
  [1m[35m (3.8ms)[0m  [1m[35mALTER TABLE "user_events" ADD CONSTRAINT "fk_rails_1b0b06bbc7"
FOREIGN KEY ("event_id")
  REFERENCES "events" ("id")
[0m
  ↳ db/schema.rb:84
  [1m[35m (2.7ms)[0m  [1m[35mALTER TABLE "user_events" ADD CONSTRAINT "fk_rails_717ccf5f73"
FOREIGN KEY ("user_id")
  REFERENCES "users" ("id")
[0m
  ↳ db/schema.rb:85
  [1m[35m (5.3ms)[0m  [1m[35mALTER TABLE "user_interests" ADD CONSTRAINT "fk_rails_5630a14e4d"
FOREIGN KEY ("interest_id")
  REFERENCES "interests" ("id")
[0m
  ↳ db/schema.rb:86
  [1m[35m (3.4ms)[0m  [1m[35mALTER TABLE "user_interests" ADD CONSTRAINT "fk_rails_ec759c020c"
FOREIGN KEY ("user_id")
  REFERENCES "users" ("id")
[0m
  ↳ db/schema.rb:87
  [1m[35m (1.2ms)[0m  [1m[34mSELECT "schema_migrations"."version" FROM "schema_migrations" ORDER BY "schema_migrations"."version" ASC[0m
  ↳ db/schema.rb:13
  [1m[36mActiveRecord::InternalMetadata Load (0.7ms)[0m  [1m[34mSELECT  "ar_internal_metadata".* FROM "ar_internal_metadata" WHERE "ar_internal_metadata"."key" = $1 LIMIT $2[0m  [["key", "environment"], ["LIMIT", 1]]
  ↳ db/schema.rb:13
  [1m[35m (0.4ms)[0m  [1m[35mBEGIN[0m
  ↳ db/schema.rb:13
  [1m[36mActiveRecord::InternalMetadata Update (1.7ms)[0m  [1m[33mUPDATE "ar_internal_metadata" SET "value" = $1, "updated_at" = $2 WHERE "ar_internal_metadata"."key" = $3[0m  [["value", "development"], ["updated_at", "2019-02-13 18:12:18.536373"], ["key", "environment"]]
  ↳ db/schema.rb:13
  [1m[35m (1.5ms)[0m  [1m[35mCOMMIT[0m
  ↳ db/schema.rb:13
  [1m[36mActiveRecord::InternalMetadata Load (1.0ms)[0m  [1m[34mSELECT  "ar_internal_metadata".* FROM "ar_internal_metadata" WHERE "ar_internal_metadata"."key" = $1 LIMIT $2[0m  [["key", "environment"], ["LIMIT", 1]]
  ↳ bin/rails:9
  [1m[35m (0.2ms)[0m  [1m[35mBEGIN[0m
  ↳ bin/rails:9
  [1m[36mActiveRecord::InternalMetadata Update (0.7ms)[0m  [1m[33mUPDATE "ar_internal_metadata" SET "value" = $1, "updated_at" = $2 WHERE "ar_internal_metadata"."key" = $3[0m  [["value", "test"], ["updated_at", "2019-02-13 18:12:18.548779"], ["key", "environment"]]
  ↳ bin/rails:9
  [1m[35m (1.4ms)[0m  [1m[35mCOMMIT[0m
  ↳ bin/rails:9
  [1m[35m (1.2ms)[0m  [1m[34mSELECT "schema_migrations"."version" FROM "schema_migrations" ORDER BY "schema_migrations"."version" ASC[0m
  ↳ bin/rails:9
